2020-06-21 18:47:59,036 - Searching Amazon: Vancouver
2020-06-21 18:47:59,324 - Successfully started X with display ":1001".
2020-06-21 18:48:13,047 - Target not found - Amazon: Vancouver
2020-06-21 18:48:13,048 - Searching Amazon: Taipei
2020-06-21 18:48:13,353 - Successfully started X with display ":1005".
2020-06-21 18:48:25,254 - FOUND NEW JOB POSTING - Amazon: Taipei
2020-06-21 18:48:26,624 - Searching Microsoft: Canada fulltime
2020-06-21 18:48:26,957 - Successfully started X with display ":1009".
2020-06-21 18:48:36,961 - Target not found - Microsoft: Canada fulltime
2020-06-22 18:48:37,062 - Searching Amazon: Vancouver
2020-06-22 18:48:37,380 - Successfully started X with display ":1013".
2020-06-22 18:48:50,910 - Target not found - Amazon: Vancouver
2020-06-22 18:48:50,921 - Target already found - Amazon: Taipei
2020-06-22 18:48:50,922 - Searching Microsoft: Canada fulltime
2020-06-22 18:48:51,221 - Successfully started X with display ":1017".
2020-06-22 18:49:01,192 - Target not found - Microsoft: Canada fulltime
2020-06-23 18:49:01,288 - Searching Amazon: Vancouver
2020-06-23 18:49:01,649 - Successfully started X with display ":1021".
2020-06-23 18:49:15,571 - Target not found - Amazon: Vancouver
2020-06-23 18:49:15,571 - Target already found - Amazon: Taipei
2020-06-23 18:49:15,572 - Searching Microsoft: Canada fulltime
2020-06-23 18:49:15,879 - Successfully started X with display ":1025".
2020-06-23 18:49:25,869 - Target not found - Microsoft: Canada fulltime
2020-06-24 18:49:25,970 - Searching Amazon: Vancouver
2020-06-24 18:49:26,307 - Successfully started X with display ":1029".
2020-06-24 18:49:42,111 - Target not found - Amazon: Vancouver
2020-06-24 18:49:42,112 - Target already found - Amazon: Taipei
2020-06-24 18:49:42,113 - Searching Microsoft: Canada fulltime
2020-06-24 18:49:42,441 - Successfully started X with display ":1033".
2020-06-24 18:49:52,029 - Target not found - Microsoft: Canada fulltime
2020-06-25 18:49:52,130 - Searching Amazon: Vancouver
2020-06-25 18:49:52,474 - Successfully started X with display ":1037".
2020-06-25 18:50:06,330 - Target not found - Amazon: Vancouver
2020-06-25 18:50:06,331 - Target already found - Amazon: Taipei
2020-06-25 18:50:06,331 - Searching Microsoft: Canada fulltime
2020-06-25 18:50:06,628 - Successfully started X with display ":1041".
2020-06-25 18:50:16,546 - Target not found - Microsoft: Canada fulltime
2020-06-26 18:50:16,647 - Searching Amazon: Vancouver
2020-06-26 18:50:16,981 - Successfully started X with display ":1045".
2020-06-26 18:50:30,470 - Target not found - Amazon: Vancouver
2020-06-26 18:50:30,471 - Target already found - Amazon: Taipei
2020-06-26 18:50:30,471 - Searching Microsoft: Canada fulltime
2020-06-26 18:50:30,776 - Successfully started X with display ":1049".
2020-06-26 18:50:40,792 - Target not found - Microsoft: Canada fulltime
2020-06-27 18:50:40,893 - Searching Amazon: Vancouver
2020-06-27 18:50:41,227 - Successfully started X with display ":1053".
2020-06-27 18:50:55,496 - Target not found - Amazon: Vancouver
2020-06-27 18:50:55,497 - Target already found - Amazon: Taipei
2020-06-27 18:50:55,497 - Searching Microsoft: Canada fulltime
2020-06-27 18:50:55,956 - Successfully started X with display ":1057".
2020-06-27 18:51:06,392 - Target not found - Microsoft: Canada fulltime
2020-06-28 18:51:06,493 - Searching Amazon: Vancouver
2020-06-28 18:51:06,828 - Successfully started X with display ":1061".
2020-06-28 18:51:20,970 - Target not found - Amazon: Vancouver
2020-06-28 18:51:20,971 - Target already found - Amazon: Taipei
2020-06-28 18:51:20,972 - Searching Microsoft: Canada fulltime
2020-06-28 18:51:21,384 - Successfully started X with display ":1065".
2020-06-28 18:51:31,121 - Target not found - Microsoft: Canada fulltime
2020-06-29 18:51:31,168 - Searching Amazon: Vancouver
2020-06-29 18:51:31,501 - Successfully started X with display ":1069".
2020-06-29 18:51:44,623 - Target not found - Amazon: Vancouver
2020-06-29 18:51:44,623 - Target already found - Amazon: Taipei
2020-06-29 18:51:44,624 - Searching Microsoft: Canada fulltime
2020-06-29 18:51:44,970 - Successfully started X with display ":1073".
2020-06-29 18:51:54,809 - Target not found - Microsoft: Canada fulltime
2020-06-30 18:51:54,910 - Searching Amazon: Vancouver
2020-06-30 18:51:55,248 - Successfully started X with display ":1077".
2020-06-30 18:52:09,286 - Target not found - Amazon: Vancouver
2020-06-30 18:52:09,287 - Target already found - Amazon: Taipei
2020-06-30 18:52:09,288 - Searching Microsoft: Canada fulltime
2020-06-30 18:52:09,596 - Successfully started X with display ":1081".
2020-06-30 18:52:19,145 - Target not found - Microsoft: Canada fulltime
2020-07-01 18:52:19,246 - Searching Amazon: Vancouver
2020-07-01 18:52:19,599 - Successfully started X with display ":1085".
2020-07-01 18:52:33,080 - Target not found - Amazon: Vancouver
2020-07-01 18:52:33,081 - Target already found - Amazon: Taipei
2020-07-01 18:52:33,081 - Searching Microsoft: Canada fulltime
2020-07-01 18:52:33,385 - Successfully started X with display ":1089".
2020-07-01 18:52:44,691 - Target not found - Microsoft: Canada fulltime
2020-07-02 18:52:44,792 - Searching Amazon: Vancouver
2020-07-02 18:52:45,167 - Successfully started X with display ":1093".
2020-07-02 18:52:57,741 - Target not found - Amazon: Vancouver
2020-07-02 18:52:57,744 - Target already found - Amazon: Taipei
2020-07-02 18:52:57,745 - Searching Microsoft: Canada fulltime
2020-07-02 18:52:58,120 - Successfully started X with display ":1097".
2020-07-02 18:53:07,952 - Target not found - Microsoft: Canada fulltime
2020-07-03 18:53:08,053 - Searching Amazon: Vancouver
2020-07-03 18:53:08,429 - Successfully started X with display ":1101".
2020-07-03 18:53:22,022 - Target not found - Amazon: Vancouver
2020-07-03 18:53:22,022 - Target already found - Amazon: Taipei
2020-07-03 18:53:22,023 - Searching Microsoft: Canada fulltime
2020-07-03 18:53:22,343 - Successfully started X with display ":1105".
2020-07-03 18:53:32,447 - Target not found - Microsoft: Canada fulltime
2020-07-04 18:53:32,549 - Searching Amazon: Vancouver
2020-07-04 18:53:32,904 - Successfully started X with display ":1109".
2020-07-04 18:53:46,744 - Target not found - Amazon: Vancouver
2020-07-04 18:53:46,745 - Target already found - Amazon: Taipei
2020-07-04 18:53:46,746 - Searching Microsoft: Canada fulltime
2020-07-04 18:53:47,149 - Successfully started X with display ":1113".
2020-07-04 18:53:58,126 - Target not found - Microsoft: Canada fulltime
2020-07-05 18:53:58,227 - Searching Amazon: Vancouver
2020-07-05 18:53:58,582 - Successfully started X with display ":1117".
2020-07-05 18:54:11,603 - Target not found - Amazon: Vancouver
2020-07-05 18:54:11,605 - Target already found - Amazon: Taipei
2020-07-05 18:54:11,606 - Searching Microsoft: Canada fulltime
2020-07-05 18:54:12,032 - Successfully started X with display ":1121".
2020-07-05 18:54:22,945 - Target not found - Microsoft: Canada fulltime
2020-07-06 18:54:23,046 - Searching Amazon: Vancouver
2020-07-06 18:54:23,425 - Successfully started X with display ":1125".
2020-07-06 18:54:35,806 - Target not found - Amazon: Vancouver
2020-07-06 18:54:35,808 - Target already found - Amazon: Taipei
2020-07-06 18:54:35,809 - Searching Microsoft: Canada fulltime
2020-07-06 18:54:36,215 - Successfully started X with display ":1129".
2020-07-06 18:54:46,620 - Target not found - Microsoft: Canada fulltime
2020-07-07 18:54:46,721 - Searching Amazon: Vancouver
2020-07-07 18:54:47,042 - Successfully started X with display ":1133".
2020-07-07 18:54:59,451 - Target not found - Amazon: Vancouver
2020-07-07 18:54:59,453 - Target already found - Amazon: Taipei
2020-07-07 18:54:59,453 - Searching Microsoft: Canada fulltime
2020-07-07 18:55:00,208 - Successfully started X with display ":1137".
2020-07-07 18:55:11,979 - Target not found - Microsoft: Canada fulltime
2020-07-08 18:55:12,086 - Searching Amazon: Vancouver
2020-07-08 18:55:12,453 - Successfully started X with display ":1141".
2020-07-08 18:55:26,968 - Target not found - Amazon: Vancouver
2020-07-08 18:55:26,984 - Target already found - Amazon: Taipei
2020-07-08 18:55:26,984 - Searching Microsoft: Canada fulltime
2020-07-08 18:55:28,176 - Successfully started X with display ":1145".
2020-07-08 18:55:40,308 - Target not found - Microsoft: Canada fulltime
2020-07-09 18:55:40,409 - Searching Amazon: Vancouver
2020-07-09 18:55:40,750 - Successfully started X with display ":1149".
2020-07-09 18:55:55,913 - Target not found - Amazon: Vancouver
2020-07-09 18:55:55,960 - Target already found - Amazon: Taipei
2020-07-09 18:55:55,961 - Searching Microsoft: Canada fulltime
2020-07-09 18:55:57,260 - Successfully started X with display ":1153".
2020-07-09 18:56:10,875 - Target not found - Microsoft: Canada fulltime
2020-07-10 18:56:10,976 - Searching Amazon: Vancouver
2020-07-10 18:56:11,359 - Successfully started X with display ":1157".
2020-07-10 18:56:28,059 - Target not found - Amazon: Vancouver
2020-07-10 18:56:28,121 - Target already found - Amazon: Taipei
2020-07-10 18:56:28,122 - Searching Microsoft: Canada fulltime
2020-07-10 18:56:29,923 - Successfully started X with display ":1161".
2020-07-10 18:56:42,994 - Target not found - Microsoft: Canada fulltime
2020-07-11 18:56:43,038 - Searching Amazon: Vancouver
2020-07-11 18:56:43,653 - Successfully started X with display ":1165".
2020-07-11 18:57:04,625 - Target not found - Amazon: Vancouver
2020-07-11 18:57:04,761 - Target already found - Amazon: Taipei
2020-07-11 18:57:04,762 - Searching Microsoft: Canada fulltime
2020-07-11 18:57:06,972 - Successfully started X with display ":1169".
2020-07-11 18:57:23,354 - Target not found - Microsoft: Canada fulltime
2020-07-12 18:57:23,495 - Searching Amazon: Vancouver
2020-07-12 18:57:24,124 - Successfully started X with display ":1173".
2020-07-12 18:58:01,161 - Target not found - Amazon: Vancouver
2020-07-12 18:58:01,354 - Target already found - Amazon: Taipei
2020-07-12 18:58:01,355 - Searching Microsoft: Canada fulltime
2020-07-12 18:58:03,925 - Successfully started X with display ":1177".
2020-07-12 18:58:21,442 - Target not found - Microsoft: Canada fulltime
2020-07-13 18:58:21,538 - Searching Amazon: Vancouver
2020-07-13 18:58:22,795 - Successfully started X with display ":1181".
2020-07-13 19:02:28,205 - Target not found - Amazon: Vancouver
2020-07-13 19:02:28,304 - Target already found - Amazon: Taipei
2020-07-13 19:02:28,305 - Searching Microsoft: Canada fulltime
2020-07-13 19:02:30,971 - Successfully started X with display ":1185".
2020-07-13 19:02:48,127 - Target not found - Microsoft: Canada fulltime
2020-07-14 19:02:48,248 - Searching Amazon: Vancouver
2020-07-14 19:02:49,517 - Successfully started X with display ":1189".
2020-07-14 19:31:52,411 - Job notifier exited unexpectedly
Traceback (most recent call last):
  File "/home/pi/workspace/raspi_scripts/jobs_notify/posters/amz.py", line 18, in search_amz_newgrad_recent_10
    driver.get(url)
  File "/home/pi/workspace/raspi_scripts/jobs_notify/env/lib/python3.7/site-packages/selenium/webdriver/remote/webdriver.py", line 333, in get
    self.execute(Command.GET, {'url': url})
  File "/home/pi/workspace/raspi_scripts/jobs_notify/env/lib/python3.7/site-packages/selenium/webdriver/remote/webdriver.py", line 321, in execute
    self.error_handler.check_response(response)
  File "/home/pi/workspace/raspi_scripts/jobs_notify/env/lib/python3.7/site-packages/selenium/webdriver/remote/errorhandler.py", line 242, in check_response
    raise exception_class(message, screen, stacktrace)
selenium.common.exceptions.TimeoutException: Message: timeout: cannot determine loading status
from timeout: Timed out receiving message from renderer: -1344.754
  (Session info: chrome=78.0.3904.108)
  (Driver info: chromedriver=2.25 (e0da1e9caa7c8f3da3519963a9ea32abba43c7c8),platform=Linux 4.19.97-v7+ armv7l)


During handling of the above exception, another exception occurred:

Traceback (most recent call last):
  File "jobs_notify.py", line 72, in <module>
    if search_funcs[poster](args['url'], args['key_words']):
  File "/home/pi/workspace/raspi_scripts/jobs_notify/posters/amz.py", line 22, in search_amz_newgrad_recent_10
    driver.close()
  File "/home/pi/workspace/raspi_scripts/jobs_notify/env/lib/python3.7/site-packages/selenium/webdriver/remote/webdriver.py", line 688, in close
    self.execute(Command.CLOSE)
  File "/home/pi/workspace/raspi_scripts/jobs_notify/env/lib/python3.7/site-packages/selenium/webdriver/remote/webdriver.py", line 321, in execute
    self.error_handler.check_response(response)
  File "/home/pi/workspace/raspi_scripts/jobs_notify/env/lib/python3.7/site-packages/selenium/webdriver/remote/errorhandler.py", line 242, in check_response
    raise exception_class(message, screen, stacktrace)
selenium.common.exceptions.WebDriverException: Message: unknown error: failed to close window in 20 seconds
  (Session info: chrome=78.0.3904.108)
  (Driver info: chromedriver=2.25 (e0da1e9caa7c8f3da3519963a9ea32abba43c7c8),platform=Linux 4.19.97-v7+ armv7l)

